#
# There is insufficient memory for the Java Runtime Environment to continue.
# Native memory allocation (malloc) failed to allocate 649280 bytes for Chunk::new
# Possible reasons:
#   The system is out of physical RAM or swap space
#   The process is running with CompressedOops enabled, and the Java Heap may be blocking the growth of the native heap
# Possible solutions:
#   Reduce memory load on the system
#   Increase physical memory or swap space
#   Check if swap backing store is full
#   Decrease Java heap size (-Xmx/-Xms)
#   Decrease number of Java threads
#   Decrease Java thread stack sizes (-Xss)
#   Set larger code cache with -XX:ReservedCodeCacheSize=
#   JVM is running with Unscaled Compressed Oops mode in which the Java heap is
#     placed in the first 4GB address space. The Java Heap base address is the
#     maximum limit for the native heap growth. Please use -XX:HeapBaseMinAddress
#     to set the Java Heap base and to place the Java Heap above 4GB virtual address.
# This output file may be truncated or incomplete.
#
#  Out of Memory Error (allocation.cpp:389), pid=24032, tid=0x00000000000032ac
#
# JRE version: OpenJDK Runtime Environment (8.0) (build 1.8.0-25-microsoft-b00)
# Java VM: OpenJDK 64-Bit Server VM (25.71-b00 mixed mode windows-amd64 compressed oops)
# Failed to write core dump. Minidumps are not enabled by default on client versions of Windows
#

---------------  T H R E A D  ---------------

Current thread (0x0000000016ebf000):  JavaThread "C2 CompilerThread1" daemon [_thread_in_native, id=12972, stack(0x0000000018610000,0x0000000018710000)]

Stack: [0x0000000018610000,0x0000000018710000]
[error occurred during error reporting (printing stack bounds), id 0xc0000005]

Native frames: (J=compiled Java code, j=interpreted, Vv=VM code, C=native code)


Current CompileTask:
C2:    935 1757       4       com.android.dx.ssa.SCCP::simulateBlock (54 bytes)


---------------  P R O C E S S  ---------------

Java Threads: ( => current thread )
  0x0000000018b85800 JavaThread "pool-2-thread-1" [_thread_blocked, id=5908, stack(0x0000000019410000,0x0000000019510000)]
  0x00000000171d2800 JavaThread "pool-1-thread-1" [_thread_in_Java, id=12820, stack(0x0000000019310000,0x0000000019410000)]
  0x0000000016ed2000 JavaThread "Service Thread" daemon [_thread_blocked, id=7276, stack(0x0000000018910000,0x0000000018a10000)]
  0x0000000016ec5000 JavaThread "C1 CompilerThread3" daemon [_thread_blocked, id=22156, stack(0x0000000018810000,0x0000000018910000)]
  0x0000000016ec4800 JavaThread "C2 CompilerThread2" daemon [_thread_in_native, id=14888, stack(0x0000000018710000,0x0000000018810000)]
=>0x0000000016ebf000 JavaThread "C2 CompilerThread1" daemon [_thread_in_native, id=12972, stack(0x0000000018610000,0x0000000018710000)]
  0x0000000016eb6000 JavaThread "C2 CompilerThread0" daemon [_thread_in_native, id=25024, stack(0x0000000018510000,0x0000000018610000)]
  0x0000000016eb4000 JavaThread "Attach Listener" daemon [_thread_blocked, id=524, stack(0x0000000018410000,0x0000000018510000)]
  0x0000000016eb2800 JavaThread "Signal Dispatcher" daemon [_thread_blocked, id=18308, stack(0x0000000018310000,0x0000000018410000)]
  0x0000000002a9b800 JavaThread "Finalizer" daemon [_thread_blocked, id=16628, stack(0x0000000018110000,0x0000000018210000)]
  0x0000000016ea3000 JavaThread "Reference Handler" daemon [_thread_blocked, id=19460, stack(0x0000000018010000,0x0000000018110000)]
  0x0000000000eee000 JavaThread "main" [_thread_in_native_trans, id=7272, stack(0x00000000028a0000,0x00000000029a0000)]

Other Threads:
  0x0000000016e82800 VMThread [stack: 0x0000000017f10000,0x0000000018010000] [id=22004]
  0x0000000016f42000 WatcherThread [stack: 0x0000000018a10000,0x0000000018b10000] [id=25028]

VM state:not at safepoint (normal execution)

VM Mutex/Monitor currently owned by a thread: None

heap address: 0x00000000c0000000, size: 1024 MB, Compressed Oops mode: 32-bit
Narrow klass base: 0x0000000000000000, Narrow klass shift: 3
Compressed class space size: 1073741824 Address: 0x0000000100000000

Heap:
 PSYoungGen      total 140800K, used 99107K [0x00000000eab00000, 0x00000000f3f00000, 0x0000000100000000)
  eden space 130048K, 67% used [0x00000000eab00000,0x00000000f014e358,0x00000000f2a00000)
  from space 10752K, 99% used [0x00000000f3480000,0x00000000f3efac90,0x00000000f3f00000)
  to   space 10752K, 0% used [0x00000000f2a00000,0x00000000f2a00000,0x00000000f3480000)
 ParOldGen       total 173568K, used 10869K [0x00000000c0000000, 0x00000000ca980000, 0x00000000eab00000)
  object space 173568K, 6% used [0x00000000c0000000,0x00000000c0a9d740,0x00000000ca980000)
 Metaspace       used 6344K, capacity 7152K, committed 7296K, reserved 1056768K
  class space    used 581K, capacity 616K, committed 640K, reserved 1048576K

Card table byte_map: [0x0000000011e60000,0x0000000012070000] byte_map_base: 0x0000000011860000

Marking Bits: (ParMarkBitMap*) 0x00000000736b8f30
 Begin Bits: [0x0000000012bd0000, 0x0000000013bd0000)
 End Bits:   [0x0000000013bd0000, 0x0000000014bd0000)

Polling page: 0x00000000005f0000

CodeCache: size=245760Kb used=7310Kb max_used=7310Kb free=238449Kb
 bounds [0x0000000002aa0000, 0x00000000031d0000, 0x0000000011aa0000]
 total_blobs=2115 nmethods=1841 adapters=187
 compilation: enabled

Compilation events (10 events):
Event: 0.917 Thread 0x0000000016ec5000 1898       2       sun.util.calendar.AbstractCalendar::getTime (174 bytes)
Event: 0.918 Thread 0x0000000016ec5000 nmethod 1898 0x00000000031c6ad0 code [0x00000000031c6cc0, 0x00000000031c72a8]
Event: 0.918 Thread 0x0000000016ec5000 1899       2       sun.util.calendar.BaseCalendar::getFixedDate (36 bytes)
Event: 0.918 Thread 0x0000000016ec5000 nmethod 1899 0x00000000031c7690 code [0x00000000031c7820, 0x00000000031c7a88]
Event: 0.918 Thread 0x0000000016ec5000 1896       2       sun.util.calendar.BaseCalendar$Date::setNormalizedDate (17 bytes)
Event: 0.918 Thread 0x0000000016ec5000 nmethod 1896 0x00000000031c7bd0 code [0x00000000031c7d40, 0x00000000031c7f08]
Event: 0.918 Thread 0x0000000016ec5000 1897       2       sun.util.calendar.CalendarDate::setTimeOfDay (27 bytes)
Event: 0.918 Thread 0x0000000016ec5000 nmethod 1897 0x00000000031c7fd0 code [0x00000000031c8120, 0x00000000031c82b0]
Event: 0.921 Thread 0x0000000016ec5000 1901       2       java.util.zip.ZipUtils::dosToJavaTime (71 bytes)
Event: 0.921 Thread 0x0000000016ec5000 nmethod 1901 0x00000000031c8350 code [0x00000000031c84c0, 0x00000000031c8798]

GC Heap History (4 events):
Event: 0.553 GC heap before
{Heap before GC invocations=1 (full 0):
 PSYoungGen      total 75776K, used 65024K [0x00000000eab00000, 0x00000000eff80000, 0x0000000100000000)
  eden space 65024K, 100% used [0x00000000eab00000,0x00000000eea80000,0x00000000eea80000)
  from space 10752K, 0% used [0x00000000ef500000,0x00000000ef500000,0x00000000eff80000)
  to   space 10752K, 0% used [0x00000000eea80000,0x00000000eea80000,0x00000000ef500000)
 ParOldGen       total 173568K, used 0K [0x00000000c0000000, 0x00000000ca980000, 0x00000000eab00000)
  object space 173568K, 0% used [0x00000000c0000000,0x00000000c0000000,0x00000000ca980000)
 Metaspace       used 6058K, capacity 7024K, committed 7296K, reserved 1056768K
  class space    used 571K, capacity 616K, committed 640K, reserved 1048576K
Event: 0.562 GC heap after
Heap after GC invocations=1 (full 0):
 PSYoungGen      total 75776K, used 10742K [0x00000000eab00000, 0x00000000f3f00000, 0x0000000100000000)
  eden space 65024K, 0% used [0x00000000eab00000,0x00000000eab00000,0x00000000eea80000)
  from space 10752K, 99% used [0x00000000eea80000,0x00000000ef4fdbd0,0x00000000ef500000)
  to   space 10752K, 0% used [0x00000000f3480000,0x00000000f3480000,0x00000000f3f00000)
 ParOldGen       total 173568K, used 874K [0x00000000c0000000, 0x00000000ca980000, 0x00000000eab00000)
  object space 173568K, 0% used [0x00000000c0000000,0x00000000c00da8b8,0x00000000ca980000)
 Metaspace       used 6058K, capacity 7024K, committed 7296K, reserved 1056768K
  class space    used 571K, capacity 616K, committed 640K, reserved 1048576K
}
Event: 0.738 GC heap before
{Heap before GC invocations=2 (full 0):
 PSYoungGen      total 75776K, used 75766K [0x00000000eab00000, 0x00000000f3f00000, 0x0000000100000000)
  eden space 65024K, 100% used [0x00000000eab00000,0x00000000eea80000,0x00000000eea80000)
  from space 10752K, 99% used [0x00000000eea80000,0x00000000ef4fdbd0,0x00000000ef500000)
  to   space 10752K, 0% used [0x00000000f3480000,0x00000000f3480000,0x00000000f3f00000)
 ParOldGen       total 173568K, used 874K [0x00000000c0000000, 0x00000000ca980000, 0x00000000eab00000)
  object space 173568K, 0% used [0x00000000c0000000,0x00000000c00da8b8,0x00000000ca980000)
 Metaspace       used 6298K, capacity 7152K, committed 7296K, reserved 1056768K
  class space    used 581K, capacity 616K, committed 640K, reserved 1048576K
Event: 0.749 GC heap after
Heap after GC invocations=2 (full 0):
 PSYoungGen      total 140800K, used 10731K [0x00000000eab00000, 0x00000000f3f00000, 0x0000000100000000)
  eden space 130048K, 0% used [0x00000000eab00000,0x00000000eab00000,0x00000000f2a00000)
  from space 10752K, 99% used [0x00000000f3480000,0x00000000f3efac90,0x00000000f3f00000)
  to   space 10752K, 0% used [0x00000000f2a00000,0x00000000f2a00000,0x00000000f3480000)
 ParOldGen       total 173568K, used 10869K [0x00000000c0000000, 0x00000000ca980000, 0x00000000eab00000)
  object space 173568K, 6% used [0x00000000c0000000,0x00000000c0a9d740,0x00000000ca980000)
 Metaspace       used 6298K, capacity 7152K, committed 7296K, reserved 1056768K
  class space    used 581K, capacity 616K, committed 640K, reserved 1048576K
}

Deoptimization events (10 events):
Event: 0.751 Thread 0x0000000000eee000 Uncommon trap: reason=class_check action=maybe_recompile pc=0x00000000030d9694 method=com.android.dx.cf.code.BytecodeArray.parseInstruction(ILcom/android/dx/cf/code/BytecodeArray$Visitor;)I @ 955
Event: 0.751 Thread 0x0000000000eee000 Uncommon trap: reason=class_check action=maybe_recompile pc=0x00000000030d9640 method=com.android.dx.cf.code.BytecodeArray.parseInstruction(ILcom/android/dx/cf/code/BytecodeArray$Visitor;)I @ 939
Event: 0.751 Thread 0x0000000000eee000 Uncommon trap: reason=class_check action=maybe_recompile pc=0x00000000030d9640 method=com.android.dx.cf.code.BytecodeArray.parseInstruction(ILcom/android/dx/cf/code/BytecodeArray$Visitor;)I @ 939
Event: 0.755 Thread 0x00000000171d2800 Uncommon trap: reason=bimorphic action=maybe_recompile pc=0x00000000030d956c method=com.android.dx.cf.code.BytecodeArray.parseInstruction(ILcom/android/dx/cf/code/BytecodeArray$Visitor;)I @ 907
Event: 0.755 Thread 0x00000000171d2800 Uncommon trap: reason=unstable_if action=reinterpret pc=0x00000000030d98cc method=com.android.dx.cf.code.BytecodeArray.parseInstruction(ILcom/android/dx/cf/code/BytecodeArray$Visitor;)I @ 1198
Event: 0.858 Thread 0x0000000000eee000 Uncommon trap: reason=unstable_if action=reinterpret pc=0x0000000002e29500 method=java.util.concurrent.ConcurrentHashMap.get(Ljava/lang/Object;)Ljava/lang/Object; @ 86
Event: 0.858 Thread 0x0000000000eee000 Uncommon trap: reason=unstable_if action=reinterpret pc=0x0000000002fdf4c0 method=java.util.concurrent.ConcurrentHashMap.get(Ljava/lang/Object;)Ljava/lang/Object; @ 86
Event: 0.858 Thread 0x0000000000eee000 Uncommon trap: reason=unstable_if action=reinterpret pc=0x0000000002ee04a8 method=java.util.concurrent.ConcurrentHashMap.putVal(Ljava/lang/Object;Ljava/lang/Object;Z)Ljava/lang/Object; @ 113
Event: 0.858 Thread 0x0000000000eee000 Uncommon trap: reason=unstable_if action=reinterpret pc=0x0000000002e04c10 method=java.util.concurrent.ConcurrentHashMap.get(Ljava/lang/Object;)Ljava/lang/Object; @ 86
Event: 0.858 Thread 0x0000000000eee000 Uncommon trap: reason=unstable_if action=reinterpret pc=0x0000000002da529c method=java.util.concurrent.ConcurrentHashMap.get(Ljava/lang/Object;)Ljava/lang/Object; @ 86

Classes redefined (0 events):
No events

Internal exceptions (3 events):
Event: 0.021 Thread 0x0000000000eee000 Exception <a 'java/lang/NoSuchMethodError': Method sun.misc.Unsafe.defineClass(Ljava/lang/String;[BII)Ljava/lang/Class; name or signature does not match> (0x00000000eab07cb0) thrown at [D:\j\worksp~1\openjd~3\jdk8u\hotspot\src\share\vm\prims\jni.cpp, line
Event: 0.021 Thread 0x0000000000eee000 Exception <a 'java/lang/NoSuchMethodError': Method sun.misc.Unsafe.prefetchRead(Ljava/lang/Object;J)V name or signature does not match> (0x00000000eab07f98) thrown at [D:\j\worksp~1\openjd~3\jdk8u\hotspot\src\share\vm\prims\jni.cpp, line 4012]
Event: 0.663 Thread 0x00000000171d2800 Implicit null exception at 0x0000000002d23da2 to 0x0000000002d23e9a

Events (10 events):
Event: 0.858 Thread 0x0000000000eee000 DEOPT PACKING pc=0x0000000002ee04a8 sp=0x000000000299d270
Event: 0.858 Thread 0x0000000000eee000 DEOPT UNPACKING pc=0x0000000002ae557b sp=0x000000000299d228 mode 2
Event: 0.858 Thread 0x0000000000eee000 Uncommon trap: trap_request=0xffffff65 fr.pc=0x0000000002e04c10
Event: 0.858 Thread 0x0000000000eee000 DEOPT PACKING pc=0x0000000002e04c10 sp=0x000000000299e0d0
Event: 0.858 Thread 0x0000000000eee000 DEOPT UNPACKING pc=0x0000000002ae557b sp=0x000000000299de48 mode 2
Event: 0.858 Thread 0x0000000000eee000 Uncommon trap: trap_request=0xffffff65 fr.pc=0x0000000002da529c
Event: 0.858 Thread 0x0000000000eee000 DEOPT PACKING pc=0x0000000002da529c sp=0x000000000299e060
Event: 0.858 Thread 0x0000000000eee000 DEOPT UNPACKING pc=0x0000000002ae557b sp=0x000000000299de38 mode 2
Event: 0.875 Thread 0x00000000171d2800 DEOPT PACKING pc=0x0000000002f1c834 sp=0x000000001940e410
Event: 0.875 Thread 0x00000000171d2800 DEOPT UNPACKING pc=0x0000000002ae75d0 sp=0x000000001940e120 mode 0


Dynamic libraries:
0x00007ff75b560000 - 0x00007ff75b595000 	C:\Program Files\Android\Jdk\microsoft_dist_openjdk_1.8.0.25\bin\java.exe
0x00007ffe8c860000 - 0x00007ffe8ca50000 	C:\Windows\SYSTEM32\ntdll.dll
0x00007ffe8b180000 - 0x00007ffe8b232000 	C:\Windows\System32\KERNEL32.DLL
0x00007ffe8a660000 - 0x00007ffe8a903000 	C:\Windows\System32\KERNELBASE.dll
0x00007ffe8b3a0000 - 0x00007ffe8b443000 	C:\Windows\System32\ADVAPI32.dll
0x00007ffe8c120000 - 0x00007ffe8c1be000 	C:\Windows\System32\msvcrt.dll
0x00007ffe8c1c0000 - 0x00007ffe8c257000 	C:\Windows\System32\sechost.dll
0x00007ffe8c4d0000 - 0x00007ffe8c5f0000 	C:\Windows\System32\RPCRT4.dll
0x00007ffe8aaa0000 - 0x00007ffe8ac33000 	C:\Windows\System32\USER32.dll
0x00007ffe898f0000 - 0x00007ffe89911000 	C:\Windows\System32\win32u.dll
0x00007ffe8aa70000 - 0x00007ffe8aa96000 	C:\Windows\System32\GDI32.dll
0x00007ffe899a0000 - 0x00007ffe89b34000 	C:\Windows\System32\gdi32full.dll
0x00007ffe8a460000 - 0x00007ffe8a4fe000 	C:\Windows\System32\msvcp_win.dll
0x00007ffe8a500000 - 0x00007ffe8a5fa000 	C:\Windows\System32\ucrtbase.dll
0x00007ffe77a30000 - 0x00007ffe77cb5000 	C:\Windows\WinSxS\amd64_microsoft.windows.common-controls_6595b64144ccf1df_6.0.18362.356_none_e6c4af7d130f27cc\COMCTL32.dll
0x00007ffe8bd60000 - 0x00007ffe8c096000 	C:\Windows\System32\combase.dll
0x00007ffe89920000 - 0x00007ffe899a0000 	C:\Windows\System32\bcryptPrimitives.dll
0x00007ffe8b460000 - 0x00007ffe8b48e000 	C:\Windows\System32\IMM32.DLL
0x0000000073740000 - 0x0000000073811000 	C:\Program Files\Android\Jdk\microsoft_dist_openjdk_1.8.0.25\jre\bin\msvcr100.dll
0x0000000072ef0000 - 0x0000000073735000 	C:\Program Files\Android\Jdk\microsoft_dist_openjdk_1.8.0.25\jre\bin\server\jvm.dll
0x00007ffe8c450000 - 0x00007ffe8c458000 	C:\Windows\System32\PSAPI.DLL
0x00007ffe6a630000 - 0x00007ffe6a639000 	C:\Windows\SYSTEM32\WSOCK32.dll
0x00007ffe87b00000 - 0x00007ffe87b24000 	C:\Windows\SYSTEM32\WINMM.dll
0x00007ffe7aca0000 - 0x00007ffe7acaa000 	C:\Windows\SYSTEM32\VERSION.dll
0x00007ffe8c0a0000 - 0x00007ffe8c10f000 	C:\Windows\System32\WS2_32.dll
0x00007ffe87ad0000 - 0x00007ffe87afd000 	C:\Windows\SYSTEM32\WINMMBASE.dll
0x00007ffe8a2c0000 - 0x00007ffe8a30a000 	C:\Windows\System32\cfgmgr32.dll
0x00007ffe83e90000 - 0x00007ffe83e9f000 	C:\Program Files\Android\Jdk\microsoft_dist_openjdk_1.8.0.25\jre\bin\verify.dll
0x00007ffe76330000 - 0x00007ffe76359000 	C:\Program Files\Android\Jdk\microsoft_dist_openjdk_1.8.0.25\jre\bin\java.dll
0x00007ffe76380000 - 0x00007ffe76396000 	C:\Program Files\Android\Jdk\microsoft_dist_openjdk_1.8.0.25\jre\bin\zip.dll
0x00007ffe8b610000 - 0x00007ffe8bcf5000 	C:\Windows\System32\SHELL32.dll
0x00007ffe8b490000 - 0x00007ffe8b539000 	C:\Windows\System32\shcore.dll
0x00007ffe89b40000 - 0x00007ffe8a2be000 	C:\Windows\System32\windows.storage.dll
0x00007ffe897d0000 - 0x00007ffe897ef000 	C:\Windows\System32\profapi.dll
0x00007ffe89760000 - 0x00007ffe897aa000 	C:\Windows\System32\powrprof.dll
0x00007ffe89730000 - 0x00007ffe89740000 	C:\Windows\System32\UMPDC.dll
0x00007ffe8b2c0000 - 0x00007ffe8b312000 	C:\Windows\System32\shlwapi.dll
0x00007ffe89740000 - 0x00007ffe89751000 	C:\Windows\System32\kernel.appcore.dll
0x00007ffe897f0000 - 0x00007ffe89807000 	C:\Windows\System32\cryptsp.dll

VM Arguments:
jvm_args: -Dfile.encoding=UTF8 -Xmx1G 
java_command: C:\Program Files (x86)\Android\android-sdk\build-tools\28.0.3\\lib\dx.jar --dex --no-strict --input-list=C:\Users\Admin\AppData\Local\Temp\tmp54DD.tmp --output obj\Gorilla\90\android\bin
java_class_path (initial): C:\Program Files (x86)\Android\android-sdk\build-tools\28.0.3\\lib\dx.jar
Launcher Type: SUN_STANDARD

Environment Variables:
PATH=C:\Program Files\Android\Jdk\microsoft_dist_openjdk_1.8.0.25\bin;C:\Windows\system32;C:\Windows;C:\Windows\System32\Wbem;C:\Windows\System32\WindowsPowerShell\v1.0\;C:\Windows\System32\OpenSSH\;C:\Program Files\Intel\WiFi\bin\;C:\Program Files\Common Files\Intel\WirelessCommon\;C:\Program Files (x86)\NVIDIA Corporation\PhysX\Common;C:\Program Files\NVIDIA Corporation\NVIDIA NvDLISR;C:\Program Files\nodejs\;C:\Program Files\Microsoft VS Code\bin;C:\Program Files\Git\cmd;C:\Program Files\dotnet\;C:\Program Files\Microsoft SQL Server\130\Tools\Binn\;C:\Program Files\Microsoft SQL Server\Client SDK\ODBC\170\Tools\Binn\;C:\Users\Admin\AppData\Local\Microsoft\WindowsApps;C:\Users\Admin\AppData\Roaming\npm
USERNAME=Admin
OS=Windows_NT
PROCESSOR_IDENTIFIER=Intel64 Family 6 Model 158 Stepping 10, GenuineIntel



---------------  S Y S T E M  ---------------

OS: Windows 10.0 , 64 bit Build 18362 (10.0.18362.329)

CPU:total 12 (initial active 12) (6 cores per cpu, 2 threads per core) family 6 model 158 stepping 10, cmov, cx8, fxsr, mmx, sse, sse2, sse3, ssse3, sse4.1, sse4.2, popcnt, avx, avx2, aes, clmul, erms, 3dnowpref, lzcnt, ht, tsc, tscinvbit, bmi1, bmi2, adx

Memory: 4k page, physical 16552600k(4726088k free), swap 57069972k(2428k free)

vm_info: OpenJDK 64-Bit Server VM (25.71-b00) for windows-amd64 JRE (1.8.0-25-microsoft-b00), built on Feb  7 2019 20:09:14 by "builder" with MS VC++ 10.0 (VS2010)

time: Thu Sep 19 16:46:43 2019
timezone: India Standard Time
elapsed time: 0 seconds (0d 0h 0m 0s)

