#
# There is insufficient memory for the Java Runtime Environment to continue.
# Native memory allocation (malloc) failed to allocate 1048576 bytes for AllocateHeap
# Possible reasons:
#   The system is out of physical RAM or swap space
#   The process is running with CompressedOops enabled, and the Java Heap may be blocking the growth of the native heap
# Possible solutions:
#   Reduce memory load on the system
#   Increase physical memory or swap space
#   Check if swap backing store is full
#   Decrease Java heap size (-Xmx/-Xms)
#   Decrease number of Java threads
#   Decrease Java thread stack sizes (-Xss)
#   Set larger code cache with -XX:ReservedCodeCacheSize=
#   JVM is running with Zero Based Compressed Oops mode in which the Java heap is
#     placed in the first 32GB address space. The Java Heap base address is the
#     maximum limit for the native heap growth. Please use -XX:HeapBaseMinAddress
#     to set the Java Heap base and to place the Java Heap above 32GB virtual address.
# This output file may be truncated or incomplete.
#
#  Out of Memory Error (memory/allocation.inline.hpp:61), pid=19736, tid=0x0000000000003c60
#
# JRE version:  (8.0) (build )
# Java VM: OpenJDK 64-Bit Server VM (25.71-b00 mixed mode windows-amd64 compressed oops)
# Failed to write core dump. Minidumps are not enabled by default on client versions of Windows
#

---------------  T H R E A D  ---------------

Current thread (0x00000000026e3000):  JavaThread "Unknown thread" [_thread_in_vm, id=15456, stack(0x00000000025a0000,0x00000000026a0000)]

Stack: [0x00000000025a0000,0x00000000026a0000]
[error occurred during error reporting (printing stack bounds), id 0xc0000005]

Native frames: (J=compiled Java code, j=interpreted, Vv=VM code, C=native code)


---------------  P R O C E S S  ---------------

Java Threads: ( => current thread )

Other Threads:

=>0x00000000026e3000 (exited) JavaThread "Unknown thread" [_thread_in_vm, id=15456, stack(0x00000000025a0000,0x00000000026a0000)]

VM state:not at safepoint (normal execution)

VM Mutex/Monitor currently owned by a thread: None

heap address: 0x00000006c3600000, size: 4042 MB, Compressed Oops mode: Zero based, Oop shift amount: 3
Narrow klass base: 0x0000000000000000, Narrow klass shift: 3
Compressed class space size: 1073741824 Address: 0x00000007c0000000

Heap:
 PSYoungGen      total 75776K, used 1300K [0x000000076bd00000, 0x0000000771180000, 0x00000007c0000000)
  eden space 65024K, 2% used [0x000000076bd00000,0x000000076be451f8,0x000000076fc80000)
  from space 10752K, 0% used [0x0000000770700000,0x0000000770700000,0x0000000771180000)
  to   space 10752K, 0% used [0x000000076fc80000,0x000000076fc80000,0x0000000770700000)
 ParOldGen       total 173568K, used 0K [0x00000006c3600000, 0x00000006cdf80000, 0x000000076bd00000)
  object space 173568K, 0% used [0x00000006c3600000,0x00000006c3600000,0x00000006cdf80000)
 Metaspace       used 777K, capacity 4480K, committed 4480K, reserved 1056768K
  class space    used 74K, capacity 384K, committed 384K, reserved 1048576K

Card table byte_map: [0x0000000011c60000,0x0000000012450000] byte_map_base: 0x000000000e645000

Marking Bits: (ParMarkBitMap*) 0x00000000736b8f30
 Begin Bits: [0x00000000133a0000, 0x00000000172c8000)
 End Bits:   [0x00000000172c8000, 0x000000001b1f0000)

Polling page: 0x0000000000d30000

CodeCache: size=245760Kb used=328Kb max_used=328Kb free=245431Kb
 bounds [0x00000000028a0000, 0x0000000002b10000, 0x00000000118a0000]
 total_blobs=57 nmethods=0 adapters=38
 compilation: enabled

Compilation events (0 events):
No events

GC Heap History (0 events):
No events

Deoptimization events (0 events):
No events

Classes redefined (0 events):
No events

Internal exceptions (0 events):
No events

Events (10 events):
Event: 0.015 loading class java/lang/Short
Event: 0.015 loading class java/lang/Short done
Event: 0.015 loading class java/lang/Integer
Event: 0.015 loading class java/lang/Integer done
Event: 0.015 loading class java/lang/Long
Event: 0.015 loading class java/lang/Long done
Event: 0.015 loading class java/lang/NullPointerException
Event: 0.015 loading class java/lang/NullPointerException done
Event: 0.015 loading class java/lang/ArithmeticException
Event: 0.015 loading class java/lang/ArithmeticException done


Dynamic libraries:
0x00007ff75b560000 - 0x00007ff75b595000 	C:\Program Files\Android\Jdk\microsoft_dist_openjdk_1.8.0.25\bin\java.exe
0x00007ffe8c860000 - 0x00007ffe8ca50000 	C:\Windows\SYSTEM32\ntdll.dll
0x00007ffe8b180000 - 0x00007ffe8b232000 	C:\Windows\System32\KERNEL32.DLL
0x00007ffe8a660000 - 0x00007ffe8a903000 	C:\Windows\System32\KERNELBASE.dll
0x00007ffe8b3a0000 - 0x00007ffe8b443000 	C:\Windows\System32\ADVAPI32.dll
0x00007ffe8c120000 - 0x00007ffe8c1be000 	C:\Windows\System32\msvcrt.dll
0x00007ffe8c1c0000 - 0x00007ffe8c257000 	C:\Windows\System32\sechost.dll
0x00007ffe8c4d0000 - 0x00007ffe8c5f0000 	C:\Windows\System32\RPCRT4.dll
0x00007ffe8aaa0000 - 0x00007ffe8ac33000 	C:\Windows\System32\USER32.dll
0x00007ffe898f0000 - 0x00007ffe89911000 	C:\Windows\System32\win32u.dll
0x00007ffe8aa70000 - 0x00007ffe8aa96000 	C:\Windows\System32\GDI32.dll
0x00007ffe899a0000 - 0x00007ffe89b34000 	C:\Windows\System32\gdi32full.dll
0x00007ffe8a460000 - 0x00007ffe8a4fe000 	C:\Windows\System32\msvcp_win.dll
0x00007ffe8a500000 - 0x00007ffe8a5fa000 	C:\Windows\System32\ucrtbase.dll
0x00007ffe77a30000 - 0x00007ffe77cb5000 	C:\Windows\WinSxS\amd64_microsoft.windows.common-controls_6595b64144ccf1df_6.0.18362.356_none_e6c4af7d130f27cc\COMCTL32.dll
0x00007ffe8bd60000 - 0x00007ffe8c096000 	C:\Windows\System32\combase.dll
0x00007ffe89920000 - 0x00007ffe899a0000 	C:\Windows\System32\bcryptPrimitives.dll
0x00007ffe8b460000 - 0x00007ffe8b48e000 	C:\Windows\System32\IMM32.DLL
0x0000000073740000 - 0x0000000073811000 	C:\Program Files\Android\Jdk\microsoft_dist_openjdk_1.8.0.25\jre\bin\msvcr100.dll
0x0000000072ef0000 - 0x0000000073735000 	C:\Program Files\Android\Jdk\microsoft_dist_openjdk_1.8.0.25\jre\bin\server\jvm.dll
0x00007ffe8c450000 - 0x00007ffe8c458000 	C:\Windows\System32\PSAPI.DLL
0x00007ffe6a630000 - 0x00007ffe6a639000 	C:\Windows\SYSTEM32\WSOCK32.dll
0x00007ffe87b00000 - 0x00007ffe87b24000 	C:\Windows\SYSTEM32\WINMM.dll
0x00007ffe7aca0000 - 0x00007ffe7acaa000 	C:\Windows\SYSTEM32\VERSION.dll
0x00007ffe8c0a0000 - 0x00007ffe8c10f000 	C:\Windows\System32\WS2_32.dll
0x00007ffe87ad0000 - 0x00007ffe87afd000 	C:\Windows\SYSTEM32\WINMMBASE.dll
0x00007ffe8a2c0000 - 0x00007ffe8a30a000 	C:\Windows\System32\cfgmgr32.dll
0x00007ffe82870000 - 0x00007ffe8287f000 	C:\Program Files\Android\Jdk\microsoft_dist_openjdk_1.8.0.25\jre\bin\verify.dll
0x00007ffe74d20000 - 0x00007ffe74d49000 	C:\Program Files\Android\Jdk\microsoft_dist_openjdk_1.8.0.25\jre\bin\java.dll
0x00007ffe74530000 - 0x00007ffe74546000 	C:\Program Files\Android\Jdk\microsoft_dist_openjdk_1.8.0.25\jre\bin\zip.dll

VM Arguments:
java_command: <unknown>
java_class_path (initial): .
Launcher Type: SUN_STANDARD

Environment Variables:
PATH=C:\Program Files\Android\Jdk\microsoft_dist_openjdk_1.8.0.25\bin;C:\Windows\system32;C:\Windows;C:\Windows\System32\Wbem;C:\Windows\System32\WindowsPowerShell\v1.0\;C:\Windows\System32\OpenSSH\;C:\Program Files\Intel\WiFi\bin\;C:\Program Files\Common Files\Intel\WirelessCommon\;C:\Program Files (x86)\NVIDIA Corporation\PhysX\Common;C:\Program Files\NVIDIA Corporation\NVIDIA NvDLISR;C:\Program Files\nodejs\;C:\Program Files\Microsoft VS Code\bin;C:\Program Files\Git\cmd;C:\Program Files\dotnet\;C:\Program Files\Microsoft SQL Server\130\Tools\Binn\;C:\Program Files\Microsoft SQL Server\Client SDK\ODBC\170\Tools\Binn\;C:\Users\Admin\AppData\Local\Microsoft\WindowsApps;C:\Users\Admin\AppData\Roaming\npm
USERNAME=Admin
OS=Windows_NT
PROCESSOR_IDENTIFIER=Intel64 Family 6 Model 158 Stepping 10, GenuineIntel



---------------  S Y S T E M  ---------------

OS: Windows 10.0 , 64 bit Build 18362 (10.0.18362.329)

CPU:total 12 (initial active 12) (6 cores per cpu, 2 threads per core) family 6 model 158 stepping 10, cmov, cx8, fxsr, mmx, sse, sse2, sse3, ssse3, sse4.1, sse4.2, popcnt, avx, avx2, aes, clmul, erms, 3dnowpref, lzcnt, ht, tsc, tscinvbit, bmi1, bmi2, adx

Memory: 4k page, physical 16552600k(3894672k free), swap 57069972k(5424k free)

vm_info: OpenJDK 64-Bit Server VM (25.71-b00) for windows-amd64 JRE (1.8.0-25-microsoft-b00), built on Feb  7 2019 20:09:14 by "builder" with MS VC++ 10.0 (VS2010)

time: Thu Sep 19 17:14:01 2019
timezone: India Standard Time
elapsed time: 0 seconds (0d 0h 0m 0s)

