#
# There is insufficient memory for the Java Runtime Environment to continue.
# Native memory allocation (malloc) failed to allocate 275616 bytes for Chunk::new
# Possible reasons:
#   The system is out of physical RAM or swap space
#   The process is running with CompressedOops enabled, and the Java Heap may be blocking the growth of the native heap
# Possible solutions:
#   Reduce memory load on the system
#   Increase physical memory or swap space
#   Check if swap backing store is full
#   Decrease Java heap size (-Xmx/-Xms)
#   Decrease number of Java threads
#   Decrease Java thread stack sizes (-Xss)
#   Set larger code cache with -XX:ReservedCodeCacheSize=
#   JVM is running with Zero Based Compressed Oops mode in which the Java heap is
#     placed in the first 32GB address space. The Java Heap base address is the
#     maximum limit for the native heap growth. Please use -XX:HeapBaseMinAddress
#     to set the Java Heap base and to place the Java Heap above 32GB virtual address.
# This output file may be truncated or incomplete.
#
#  Out of Memory Error (allocation.cpp:389), pid=13428, tid=0x0000000000005d84
#
# JRE version: OpenJDK Runtime Environment (8.0) (build 1.8.0-25-microsoft-b00)
# Java VM: OpenJDK 64-Bit Server VM (25.71-b00 mixed mode windows-amd64 compressed oops)
# Failed to write core dump. Minidumps are not enabled by default on client versions of Windows
#

---------------  T H R E A D  ---------------

Current thread (0x000000001e476800):  JavaThread "C2 CompilerThread0" daemon [_thread_in_native, id=23940, stack(0x000000001fac0000,0x000000001fbc0000)]

Stack: [0x000000001fac0000,0x000000001fbc0000]
[error occurred during error reporting (printing stack bounds), id 0xc0000005]

Native frames: (J=compiled Java code, j=interpreted, Vv=VM code, C=native code)


Current CompileTask:
C2:   2590 2993       4       com.sun.tools.javac.comp.Check::checkType (188 bytes)


---------------  P R O C E S S  ---------------

Java Threads: ( => current thread )
  0x000000001e514000 JavaThread "Service Thread" daemon [_thread_blocked, id=12552, stack(0x000000001fec0000,0x000000001ffc0000)]
  0x000000001e484000 JavaThread "C1 CompilerThread3" daemon [_thread_blocked, id=26452, stack(0x000000001fdc0000,0x000000001fec0000)]
  0x000000001e483000 JavaThread "C2 CompilerThread2" daemon [_thread_in_native, id=18264, stack(0x000000001fcc0000,0x000000001fdc0000)]
  0x000000001e47e000 JavaThread "C2 CompilerThread1" daemon [_thread_in_native, id=4160, stack(0x000000001fbc0000,0x000000001fcc0000)]
=>0x000000001e476800 JavaThread "C2 CompilerThread0" daemon [_thread_in_native, id=23940, stack(0x000000001fac0000,0x000000001fbc0000)]
  0x000000001e474800 JavaThread "Attach Listener" daemon [_thread_blocked, id=13840, stack(0x000000001f9c0000,0x000000001fac0000)]
  0x000000001e473800 JavaThread "Signal Dispatcher" daemon [_thread_blocked, id=17556, stack(0x000000001f8c0000,0x000000001f9c0000)]
  0x00000000031fb800 JavaThread "Finalizer" daemon [_thread_blocked, id=19340, stack(0x000000001f6c0000,0x000000001f7c0000)]
  0x000000001e463000 JavaThread "Reference Handler" daemon [_thread_blocked, id=24896, stack(0x000000001f5c0000,0x000000001f6c0000)]
  0x0000000003103800 JavaThread "main" [_thread_in_Java, id=19872, stack(0x0000000003000000,0x0000000003100000)]

Other Threads:
  0x000000001e442800 VMThread [stack: 0x000000001f4c0000,0x000000001f5c0000] [id=20744]
  0x000000001e515000 WatcherThread [stack: 0x000000001ffc0000,0x00000000200c0000] [id=19564]

VM state:not at safepoint (normal execution)

VM Mutex/Monitor currently owned by a thread: None

heap address: 0x00000006c3600000, size: 4042 MB, Compressed Oops mode: Zero based, Oop shift amount: 3
Narrow klass base: 0x0000000000000000, Narrow klass shift: 3
Compressed class space size: 1073741824 Address: 0x00000007c0000000

Heap:
 PSYoungGen      total 37888K, used 19231K [0x000000076bd00000, 0x0000000770000000, 0x00000007c0000000)
  eden space 13312K, 3% used [0x000000076bd00000,0x000000076bd851b8,0x000000076ca00000)
  from space 24576K, 76% used [0x000000076e400000,0x000000076f642dd8,0x000000076fc00000)
  to   space 26624K, 0% used [0x000000076ca00000,0x000000076ca00000,0x000000076e400000)
 ParOldGen       total 29184K, used 18160K [0x00000006c3600000, 0x00000006c5280000, 0x000000076bd00000)
  object space 29184K, 62% used [0x00000006c3600000,0x00000006c47bc2d0,0x00000006c5280000)
 Metaspace       used 10318K, capacity 10676K, committed 10880K, reserved 1058816K
  class space    used 1041K, capacity 1072K, committed 1152K, reserved 1048576K

Card table byte_map: [0x00000000125c0000,0x0000000012db0000] byte_map_base: 0x000000000efa5000

Marking Bits: (ParMarkBitMap*) 0x00000000736b8f30
 Begin Bits: [0x0000000013d00000, 0x0000000017c28000)
 End Bits:   [0x0000000017c28000, 0x000000001bb50000)

Polling page: 0x0000000000dd0000

CodeCache: size=245760Kb used=12725Kb max_used=12768Kb free=233034Kb
 bounds [0x0000000003200000, 0x0000000003e90000, 0x0000000012200000]
 total_blobs=3261 nmethods=2962 adapters=211
 compilation: enabled

Compilation events (10 events):
Event: 2.575 Thread 0x000000001e484000 2997       3       com.sun.tools.javac.comp.Check::checkOverride (293 bytes)
Event: 2.576 Thread 0x000000001e476800 nmethod 2367 0x0000000003e496d0 code [0x0000000003e49a20, 0x0000000003e4abe8]
Event: 2.576 Thread 0x000000001e476800 2993       4       com.sun.tools.javac.comp.Check::checkType (188 bytes)
Event: 2.577 Thread 0x000000001e483000 nmethod 2566 0x0000000003e509d0 code [0x0000000003e51640, 0x0000000003e5cff8]
Event: 2.578 Thread 0x000000001e483000 2996       4       com.sun.tools.javac.tree.TreeInfo::symbol (116 bytes)
Event: 2.585 Thread 0x000000001e484000 nmethod 2997 0x0000000003e45690 code [0x0000000003e45aa0, 0x0000000003e48358]
Event: 2.585 Thread 0x000000001e484000 2998       1       java.lang.ref.Finalizer::access$000 (4 bytes)
Event: 2.585 Thread 0x000000001e484000 nmethod 2998 0x0000000003e198d0 code [0x0000000003e19a20, 0x0000000003e19b10]
Event: 2.589 Thread 0x000000001e483000 nmethod 2996 0x0000000003e33210 code [0x0000000003e334a0, 0x0000000003e33718]
Event: 2.589 Thread 0x000000001e483000 2992       4       com.sun.tools.javac.comp.DeferredAttr$DeferredAttrContext::<init> (55 bytes)

GC Heap History (10 events):
Event: 1.750 GC heap before
{Heap before GC invocations=16 (full 2):
 PSYoungGen      total 30208K, used 26983K [0x000000076bd00000, 0x000000076ee00000, 0x00000007c0000000)
  eden space 14848K, 100% used [0x000000076bd00000,0x000000076cb80000,0x000000076cb80000)
  from space 15360K, 79% used [0x000000076cb80000,0x000000076d759f70,0x000000076da80000)
  to   space 16896K, 0% used [0x000000076dd80000,0x000000076dd80000,0x000000076ee00000)
 ParOldGen       total 29184K, used 18120K [0x00000006c3600000, 0x00000006c5280000, 0x000000076bd00000)
  object space 29184K, 62% used [0x00000006c3600000,0x00000006c47b22d0,0x00000006c5280000)
 Metaspace       used 9892K, capacity 10260K, committed 10624K, reserved 1058816K
  class space    used 1001K, capacity 1040K, committed 1152K, reserved 1048576K
Event: 1.756 GC heap after
Heap after GC invocations=16 (full 2):
 PSYoungGen      total 31744K, used 13744K [0x000000076bd00000, 0x000000076f100000, 0x00000007c0000000)
  eden space 14848K, 0% used [0x000000076bd00000,0x000000076bd00000,0x000000076cb80000)
  from space 16896K, 81% used [0x000000076dd80000,0x000000076eaec090,0x000000076ee00000)
  to   space 18432K, 0% used [0x000000076cb80000,0x000000076cb80000,0x000000076dd80000)
 ParOldGen       total 29184K, used 18128K [0x00000006c3600000, 0x00000006c5280000, 0x000000076bd00000)
  object space 29184K, 62% used [0x00000006c3600000,0x00000006c47b42d0,0x00000006c5280000)
 Metaspace       used 9892K, capacity 10260K, committed 10624K, reserved 1058816K
  class space    used 1001K, capacity 1040K, committed 1152K, reserved 1048576K
}
Event: 1.957 GC heap before
{Heap before GC invocations=17 (full 2):
 PSYoungGen      total 31744K, used 28592K [0x000000076bd00000, 0x000000076f100000, 0x00000007c0000000)
  eden space 14848K, 100% used [0x000000076bd00000,0x000000076cb80000,0x000000076cb80000)
  from space 16896K, 81% used [0x000000076dd80000,0x000000076eaec090,0x000000076ee00000)
  to   space 18432K, 0% used [0x000000076cb80000,0x000000076cb80000,0x000000076dd80000)
 ParOldGen       total 29184K, used 18128K [0x00000006c3600000, 0x00000006c5280000, 0x000000076bd00000)
  object space 29184K, 62% used [0x00000006c3600000,0x00000006c47b42d0,0x00000006c5280000)
 Metaspace       used 9971K, capacity 10388K, committed 10624K, reserved 1058816K
  class space    used 1001K, capacity 1040K, committed 1152K, reserved 1048576K
Event: 1.965 GC heap after
Heap after GC invocations=17 (full 2):
 PSYoungGen      total 33280K, used 15211K [0x000000076bd00000, 0x000000076f500000, 0x00000007c0000000)
  eden space 14848K, 0% used [0x000000076bd00000,0x000000076bd00000,0x000000076cb80000)
  from space 18432K, 82% used [0x000000076cb80000,0x000000076da5ae70,0x000000076dd80000)
  to   space 20480K, 0% used [0x000000076e100000,0x000000076e100000,0x000000076f500000)
 ParOldGen       total 29184K, used 18136K [0x00000006c3600000, 0x00000006c5280000, 0x000000076bd00000)
  object space 29184K, 62% used [0x00000006c3600000,0x00000006c47b62d0,0x00000006c5280000)
 Metaspace       used 9971K, capacity 10388K, committed 10624K, reserved 1058816K
  class space    used 1001K, capacity 1040K, committed 1152K, reserved 1048576K
}
Event: 2.164 GC heap before
{Heap before GC invocations=18 (full 2):
 PSYoungGen      total 33280K, used 30059K [0x000000076bd00000, 0x000000076f500000, 0x00000007c0000000)
  eden space 14848K, 100% used [0x000000076bd00000,0x000000076cb80000,0x000000076cb80000)
  from space 18432K, 82% used [0x000000076cb80000,0x000000076da5ae70,0x000000076dd80000)
  to   space 20480K, 0% used [0x000000076e100000,0x000000076e100000,0x000000076f500000)
 ParOldGen       total 29184K, used 18136K [0x00000006c3600000, 0x00000006c5280000, 0x000000076bd00000)
  object space 29184K, 62% used [0x00000006c3600000,0x00000006c47b62d0,0x00000006c5280000)
 Metaspace       used 10054K, capacity 10452K, committed 10624K, reserved 1058816K
  class space    used 1001K, capacity 1040K, committed 1152K, reserved 1048576K
Event: 2.171 GC heap after
Heap after GC invocations=18 (full 2):
 PSYoungGen      total 34816K, used 16492K [0x000000076bd00000, 0x000000076f900000, 0x00000007c0000000)
  eden space 14336K, 0% used [0x000000076bd00000,0x000000076bd00000,0x000000076cb00000)
  from space 20480K, 80% used [0x000000076e100000,0x000000076f11b238,0x000000076f500000)
  to   space 22528K, 0% used [0x000000076cb00000,0x000000076cb00000,0x000000076e100000)
 ParOldGen       total 29184K, used 18144K [0x00000006c3600000, 0x00000006c5280000, 0x000000076bd00000)
  object space 29184K, 62% used [0x00000006c3600000,0x00000006c47b82d0,0x00000006c5280000)
 Metaspace       used 10054K, capacity 10452K, committed 10624K, reserved 1058816K
  class space    used 1001K, capacity 1040K, committed 1152K, reserved 1048576K
}
Event: 2.341 GC heap before
{Heap before GC invocations=19 (full 2):
 PSYoungGen      total 34816K, used 30828K [0x000000076bd00000, 0x000000076f900000, 0x00000007c0000000)
  eden space 14336K, 100% used [0x000000076bd00000,0x000000076cb00000,0x000000076cb00000)
  from space 20480K, 80% used [0x000000076e100000,0x000000076f11b238,0x000000076f500000)
  to   space 22528K, 0% used [0x000000076cb00000,0x000000076cb00000,0x000000076e100000)
 ParOldGen       total 29184K, used 18144K [0x00000006c3600000, 0x00000006c5280000, 0x000000076bd00000)
  object space 29184K, 62% used [0x00000006c3600000,0x00000006c47b82d0,0x00000006c5280000)
 Metaspace       used 10065K, capacity 10452K, committed 10624K, reserved 1058816K
  class space    used 1001K, capacity 1040K, committed 1152K, reserved 1048576K
Event: 2.347 GC heap after
Heap after GC invocations=19 (full 2):
 PSYoungGen      total 36864K, used 17537K [0x000000076bd00000, 0x000000076fc00000, 0x00000007c0000000)
  eden space 14336K, 0% used [0x000000076bd00000,0x000000076bd00000,0x000000076cb00000)
  from space 22528K, 77% used [0x000000076cb00000,0x000000076dc20698,0x000000076e100000)
  to   space 24576K, 0% used [0x000000076e400000,0x000000076e400000,0x000000076fc00000)
 ParOldGen       total 29184K, used 18152K [0x00000006c3600000, 0x00000006c5280000, 0x000000076bd00000)
  object space 29184K, 62% used [0x00000006c3600000,0x00000006c47ba2d0,0x00000006c5280000)
 Metaspace       used 10065K, capacity 10452K, committed 10624K, reserved 1058816K
  class space    used 1001K, capacity 1040K, committed 1152K, reserved 1048576K
}
Event: 2.578 GC heap before
{Heap before GC invocations=20 (full 2):
 PSYoungGen      total 36864K, used 31873K [0x000000076bd00000, 0x000000076fc00000, 0x00000007c0000000)
  eden space 14336K, 100% used [0x000000076bd00000,0x000000076cb00000,0x000000076cb00000)
  from space 22528K, 77% used [0x000000076cb00000,0x000000076dc20698,0x000000076e100000)
  to   space 24576K, 0% used [0x000000076e400000,0x000000076e400000,0x000000076fc00000)
 ParOldGen       total 29184K, used 18152K [0x00000006c3600000, 0x00000006c5280000, 0x000000076bd00000)
  object space 29184K, 62% used [0x00000006c3600000,0x00000006c47ba2d0,0x00000006c5280000)
 Metaspace       used 10318K, capacity 10676K, committed 10880K, reserved 1058816K
  class space    used 1041K, capacity 1072K, committed 1152K, reserved 1048576K
Event: 2.585 GC heap after
Heap after GC invocations=20 (full 2):
 PSYoungGen      total 37888K, used 18699K [0x000000076bd00000, 0x0000000770000000, 0x00000007c0000000)
  eden space 13312K, 0% used [0x000000076bd00000,0x000000076bd00000,0x000000076ca00000)
  from space 24576K, 76% used [0x000000076e400000,0x000000076f642dd8,0x000000076fc00000)
  to   space 26624K, 0% used [0x000000076ca00000,0x000000076ca00000,0x000000076e400000)
 ParOldGen       total 29184K, used 18160K [0x00000006c3600000, 0x00000006c5280000, 0x000000076bd00000)
  object space 29184K, 62% used [0x00000006c3600000,0x00000006c47bc2d0,0x00000006c5280000)
 Metaspace       used 10318K, capacity 10676K, committed 10880K, reserved 1058816K
  class space    used 1041K, capacity 1072K, committed 1152K, reserved 1048576K
}

Deoptimization events (10 events):
Event: 2.513 Thread 0x0000000003103800 Uncommon trap: reason=class_check action=maybe_recompile pc=0x00000000039f887c method=com.sun.tools.javac.comp.Attr.check(Lcom/sun/tools/javac/tree/JCTree;Lcom/sun/tools/javac/code/Type;ILcom/sun/tools/javac/comp/Attr$ResultInfo;)Lcom/sun/tools/javac/code
Event: 2.514 Thread 0x0000000003103800 Uncommon trap: reason=unstable_if action=reinterpret pc=0x000000000380eca8 method=com.sun.tools.javac.comp.Attr$TypeAnnotationsValidator.validateAnnotatedType(Lcom/sun/tools/javac/tree/JCTree;Lcom/sun/tools/javac/code/Type;)V @ 28
Event: 2.516 Thread 0x0000000003103800 Uncommon trap: reason=unstable_if action=reinterpret pc=0x0000000003a7f26c method=com.sun.tools.javac.jvm.Gen.checkStringConstant(Lcom/sun/tools/javac/util/JCDiagnostic$DiagnosticPosition;Ljava/lang/Object;)V @ 8
Event: 2.516 Thread 0x0000000003103800 Uncommon trap: reason=unstable_if action=reinterpret pc=0x000000000349ab64 method=com.sun.tools.javac.util.ListBuffer.append(Ljava/lang/Object;)Lcom/sun/tools/javac/util/ListBuffer; @ 9
Event: 2.518 Thread 0x0000000003103800 Uncommon trap: reason=bimorphic action=maybe_recompile pc=0x0000000003dbf564 method=com.sun.tools.javac.code.Scope$3$1.skipToNextMatchingEntry()V @ 21
Event: 2.518 Thread 0x0000000003103800 Uncommon trap: reason=bimorphic action=maybe_recompile pc=0x0000000003dbf564 method=com.sun.tools.javac.code.Scope$3$1.skipToNextMatchingEntry()V @ 21
Event: 2.518 Thread 0x0000000003103800 Uncommon trap: reason=bimorphic action=maybe_recompile pc=0x0000000003dbf564 method=com.sun.tools.javac.code.Scope$3$1.skipToNextMatchingEntry()V @ 21
Event: 2.519 Thread 0x0000000003103800 Uncommon trap: reason=class_check action=maybe_recompile pc=0x0000000003a61288 method=com.sun.tools.javac.jvm.Pool.makePoolValue(Ljava/lang/Object;)Ljava/lang/Object; @ 81
Event: 2.520 Thread 0x0000000003103800 Uncommon trap: reason=unstable_if action=reinterpret pc=0x0000000003d42bbc method=com.sun.tools.javac.code.Types$SignatureGenerator.hasTypeVar(Lcom/sun/tools/javac/util/List;)Z @ 4
Event: 2.532 Thread 0x0000000003103800 Uncommon trap: reason=class_check action=maybe_recompile pc=0x0000000003c4997c method=com.sun.tools.javac.code.Symbol$ClassSymbol.isSubClass(Lcom/sun/tools/javac/code/Symbol;Lcom/sun/tools/javac/code/Types;)Z @ 55

Classes redefined (0 events):
No events

Internal exceptions (10 events):
Event: 0.019 Thread 0x0000000003103800 Exception <a 'java/lang/NoSuchMethodError': Method sun.misc.Unsafe.prefetchRead(Ljava/lang/Object;J)V name or signature does not match> (0x000000076bd07fc0) thrown at [D:\j\worksp~1\openjd~3\jdk8u\hotspot\src\share\vm\prims\jni.cpp, line 4012]
Event: 0.082 Thread 0x0000000003103800 Exception <a 'java/security/PrivilegedActionException'> (0x000000076be77fa8) thrown at [D:\j\worksp~1\openjd~3\jdk8u\hotspot\src\share\vm\prims\jvm.cpp, line 1508]
Event: 0.082 Thread 0x0000000003103800 Exception <a 'java/security/PrivilegedActionException'> (0x000000076be783a0) thrown at [D:\j\worksp~1\openjd~3\jdk8u\hotspot\src\share\vm\prims\jvm.cpp, line 1508]
Event: 0.082 Thread 0x0000000003103800 Exception <a 'java/security/PrivilegedActionException'> (0x000000076be7c8a8) thrown at [D:\j\worksp~1\openjd~3\jdk8u\hotspot\src\share\vm\prims\jvm.cpp, line 1508]
Event: 0.082 Thread 0x0000000003103800 Exception <a 'java/security/PrivilegedActionException'> (0x000000076be7cca0) thrown at [D:\j\worksp~1\openjd~3\jdk8u\hotspot\src\share\vm\prims\jvm.cpp, line 1508]
Event: 0.082 Thread 0x0000000003103800 Exception <a 'java/security/PrivilegedActionException'> (0x000000076be7e5c8) thrown at [D:\j\worksp~1\openjd~3\jdk8u\hotspot\src\share\vm\prims\jvm.cpp, line 1508]
Event: 0.082 Thread 0x0000000003103800 Exception <a 'java/security/PrivilegedActionException'> (0x000000076be7e9c0) thrown at [D:\j\worksp~1\openjd~3\jdk8u\hotspot\src\share\vm\prims\jvm.cpp, line 1508]
Event: 0.087 Thread 0x0000000003103800 Exception <a 'java/security/PrivilegedActionException'> (0x000000076bd0b5e8) thrown at [D:\j\worksp~1\openjd~3\jdk8u\hotspot\src\share\vm\prims\jvm.cpp, line 1508]
Event: 0.087 Thread 0x0000000003103800 Exception <a 'java/security/PrivilegedActionException'> (0x000000076bd0b9e0) thrown at [D:\j\worksp~1\openjd~3\jdk8u\hotspot\src\share\vm\prims\jvm.cpp, line 1508]
Event: 2.516 Thread 0x0000000003103800 Implicit null exception at 0x0000000003a7f162 to 0x0000000003a7f255

Events (10 events):
Event: 2.562 Thread 0x0000000003103800 DEOPT PACKING pc=0x0000000003e1b9b3 sp=0x00000000030fedd0
Event: 2.562 Thread 0x0000000003103800 DEOPT UNPACKING pc=0x00000000032475d0 sp=0x00000000030feae8 mode 0
Event: 2.567 Thread 0x0000000003103800 DEOPT PACKING pc=0x0000000003e1b9b3 sp=0x00000000030fedd0
Event: 2.567 Thread 0x0000000003103800 DEOPT UNPACKING pc=0x00000000032475d0 sp=0x00000000030feae8 mode 0
Event: 2.573 Thread 0x0000000003103800 DEOPT PACKING pc=0x0000000003e1b9b3 sp=0x00000000030fedd0
Event: 2.573 Thread 0x0000000003103800 DEOPT UNPACKING pc=0x00000000032475d0 sp=0x00000000030feae8 mode 0
Event: 2.577 Executing VM operation: ParallelGCFailedAllocation
Event: 2.585 Executing VM operation: ParallelGCFailedAllocation done
Event: 2.586 Thread 0x0000000003103800 DEOPT PACKING pc=0x0000000003e1b9b3 sp=0x00000000030fedd0
Event: 2.586 Thread 0x0000000003103800 DEOPT UNPACKING pc=0x00000000032475d0 sp=0x00000000030feae8 mode 0


Dynamic libraries:
0x00007ff7c5d70000 - 0x00007ff7c5d77000 	C:\Program Files\Android\Jdk\microsoft_dist_openjdk_1.8.0.25\bin\javac.exe
0x00007ffe8c860000 - 0x00007ffe8ca50000 	C:\Windows\SYSTEM32\ntdll.dll
0x00007ffe8b180000 - 0x00007ffe8b232000 	C:\Windows\System32\KERNEL32.DLL
0x00007ffe8a660000 - 0x00007ffe8a903000 	C:\Windows\System32\KERNELBASE.dll
0x00007ffe787b0000 - 0x00007ffe787df000 	C:\Program Files\Android\Jdk\microsoft_dist_openjdk_1.8.0.25\bin\jli.dll
0x0000000072e10000 - 0x0000000072ee1000 	C:\Program Files\Android\Jdk\microsoft_dist_openjdk_1.8.0.25\bin\MSVCR100.dll
0x00007ffe8b3a0000 - 0x00007ffe8b443000 	C:\Windows\System32\ADVAPI32.dll
0x00007ffe8c120000 - 0x00007ffe8c1be000 	C:\Windows\System32\msvcrt.dll
0x00007ffe8c1c0000 - 0x00007ffe8c257000 	C:\Windows\System32\sechost.dll
0x00007ffe8c4d0000 - 0x00007ffe8c5f0000 	C:\Windows\System32\RPCRT4.dll
0x00007ffe8aaa0000 - 0x00007ffe8ac33000 	C:\Windows\System32\USER32.dll
0x00007ffe898f0000 - 0x00007ffe89911000 	C:\Windows\System32\win32u.dll
0x00007ffe77a30000 - 0x00007ffe77cb5000 	C:\Windows\WinSxS\amd64_microsoft.windows.common-controls_6595b64144ccf1df_6.0.18362.356_none_e6c4af7d130f27cc\COMCTL32.dll
0x00007ffe8aa70000 - 0x00007ffe8aa96000 	C:\Windows\System32\GDI32.dll
0x00007ffe899a0000 - 0x00007ffe89b34000 	C:\Windows\System32\gdi32full.dll
0x00007ffe8bd60000 - 0x00007ffe8c096000 	C:\Windows\System32\combase.dll
0x00007ffe8a460000 - 0x00007ffe8a4fe000 	C:\Windows\System32\msvcp_win.dll
0x00007ffe8a500000 - 0x00007ffe8a5fa000 	C:\Windows\System32\ucrtbase.dll
0x00007ffe89920000 - 0x00007ffe899a0000 	C:\Windows\System32\bcryptPrimitives.dll
0x00007ffe8b460000 - 0x00007ffe8b48e000 	C:\Windows\System32\IMM32.DLL
0x0000000073740000 - 0x0000000073811000 	C:\Program Files\Android\Jdk\microsoft_dist_openjdk_1.8.0.25\jre\bin\msvcr100.dll
0x0000000072ef0000 - 0x0000000073735000 	C:\Program Files\Android\Jdk\microsoft_dist_openjdk_1.8.0.25\jre\bin\server\jvm.dll
0x00007ffe8c450000 - 0x00007ffe8c458000 	C:\Windows\System32\PSAPI.DLL
0x00007ffe6a630000 - 0x00007ffe6a639000 	C:\Windows\SYSTEM32\WSOCK32.dll
0x00007ffe87b00000 - 0x00007ffe87b24000 	C:\Windows\SYSTEM32\WINMM.dll
0x00007ffe7aca0000 - 0x00007ffe7acaa000 	C:\Windows\SYSTEM32\VERSION.dll
0x00007ffe8c0a0000 - 0x00007ffe8c10f000 	C:\Windows\System32\WS2_32.dll
0x00007ffe87ad0000 - 0x00007ffe87afd000 	C:\Windows\SYSTEM32\winmmbase.dll
0x00007ffe8a2c0000 - 0x00007ffe8a30a000 	C:\Windows\System32\cfgmgr32.dll
0x00007ffe83e90000 - 0x00007ffe83e9f000 	C:\Program Files\Android\Jdk\microsoft_dist_openjdk_1.8.0.25\jre\bin\verify.dll
0x00007ffe76330000 - 0x00007ffe76359000 	C:\Program Files\Android\Jdk\microsoft_dist_openjdk_1.8.0.25\jre\bin\java.dll
0x00007ffe76380000 - 0x00007ffe76396000 	C:\Program Files\Android\Jdk\microsoft_dist_openjdk_1.8.0.25\jre\bin\zip.dll
0x00007ffe8b610000 - 0x00007ffe8bcf5000 	C:\Windows\System32\SHELL32.dll
0x00007ffe8b490000 - 0x00007ffe8b539000 	C:\Windows\System32\shcore.dll
0x00007ffe89b40000 - 0x00007ffe8a2be000 	C:\Windows\System32\windows.storage.dll
0x00007ffe897d0000 - 0x00007ffe897ef000 	C:\Windows\System32\profapi.dll
0x00007ffe89760000 - 0x00007ffe897aa000 	C:\Windows\System32\powrprof.dll
0x00007ffe89730000 - 0x00007ffe89740000 	C:\Windows\System32\UMPDC.dll
0x00007ffe8b2c0000 - 0x00007ffe8b312000 	C:\Windows\System32\shlwapi.dll
0x00007ffe89740000 - 0x00007ffe89751000 	C:\Windows\System32\kernel.appcore.dll
0x00007ffe897f0000 - 0x00007ffe89807000 	C:\Windows\System32\cryptsp.dll

VM Arguments:
jvm_args: -Dapplication.home=C:\Program Files\Android\Jdk\microsoft_dist_openjdk_1.8.0.25 -Xms8m -Dfile.encoding=UTF8 
java_command: com.sun.tools.javac.Main -d obj\Gorilla\90\android\bin\classes -classpath C:\Program Files (x86)\Microsoft Visual Studio\2019\Community\Common7\IDE\ReferenceAssemblies\Microsoft\Framework\MonoAndroid\v9.0\mono.android.jar;C:\Program Files (x86)\Microsoft Visual Studio\2019\Community\MSBuild\Xamarin\Android\java_runtime_fastdev.jar;obj\Gorilla\90\lp\0\jl\formsviewgroup.jar;obj\Gorilla\90\lp\10\jl\com.android.support.support-annotations.jar;obj\Gorilla\90\lp\11\jl\bin\classes.jar;obj\Gorilla\90\lp\12\jl\com.android.support.collections.jar;obj\Gorilla\90\lp\13\jl\bin\classes.jar;obj\Gorilla\90\lp\14\jl\bin\classes.jar;obj\Gorilla\90\lp\15\jl\bin\classes.jar;obj\Gorilla\90\lp\16\jl\bin\classes.jar;obj\Gorilla\90\lp\17\jl\bin\classes.jar;obj\Gorilla\90\lp\18\jl\bin\classes.jar;obj\Gorilla\90\lp\19\jl\bin\classes.jar;obj\Gorilla\90\lp\2\jl\android.arch.core.common.jar;obj\Gorilla\90\lp\20\jl\bin\classes.jar;obj\Gorilla\90\lp\21\jl\bin\classes.jar;obj\Gorilla\90\lp\22\jl\bin\classes.jar;obj\Gorilla\90\lp\23\jl\bin\classes.jar;obj\Gorilla\90\lp\24\jl\bin\classes.jar;obj\Gorilla\90\lp\25\jl\bin\classes.jar;obj\Gorilla\90\lp\26\jl\bin\classes.jar;obj\Gorilla\90\lp\27\jl\bin\classes.jar;obj\Gorilla\90\lp\28\jl\bin\classes.jar;obj\Gorilla\90\lp\29\jl\bin\classes.jar;obj\Gorilla\90\lp\3\jl\bin\classes.jar;obj\Gorilla\90\lp\30\jl\bin\classes.jar;obj\Gorilla\90\lp\31\jl\bin\classes.jar;obj\Gorilla\90\lp\33\jl\bin\classes.jar;obj\Gorilla\90\lp\34\jl\bin\classes.jar;obj\Gorilla\90\lp\35\jl\bin\classes.jar;obj\Gorilla\90\lp\36\jl\bin\classes.jar;obj\Gorilla\90\lp\37\jl\bin\classes.jar;obj\Gorilla\90\lp\38\jl\bin\classes.jar;obj\Gorilla\90\lp\39\jl\bin\classes.jar;obj\Gorilla\90\lp\4\jl\android.arch.lifecycle.common.jar;obj\Gorilla\90\lp\40\jl\bin\classes.jar;obj\Gorilla\90\lp\5\jl\bin\classes.jar;obj\Gorilla\90\lp\6\jl\bin\classes.jar;obj\Gorilla\90\lp\7\jl\bin\classes.jar;obj\Gorilla\90\lp\8\jl\bin\classes.jar;obj\Gorilla\90\lp\9\jl\bin\classes.jar -bootclasspath C:\
java_class_path (initial): C:\Program Files\Android\Jdk\microsoft_dist_openjdk_1.8.0.25/lib/tools.jar;C:\Program Files\Android\Jdk\microsoft_dist_openjdk_1.8.0.25/classes
Launcher Type: SUN_STANDARD

Environment Variables:
PATH=C:\Program Files\Android\Jdk\microsoft_dist_openjdk_1.8.0.25\bin;C:\Windows\system32;C:\Windows;C:\Windows\System32\Wbem;C:\Windows\System32\WindowsPowerShell\v1.0\;C:\Windows\System32\OpenSSH\;C:\Program Files\Intel\WiFi\bin\;C:\Program Files\Common Files\Intel\WirelessCommon\;C:\Program Files (x86)\NVIDIA Corporation\PhysX\Common;C:\Program Files\NVIDIA Corporation\NVIDIA NvDLISR;C:\Program Files\nodejs\;C:\Program Files\Microsoft VS Code\bin;C:\Program Files\Git\cmd;C:\Program Files\dotnet\;C:\Program Files\Microsoft SQL Server\130\Tools\Binn\;C:\Program Files\Microsoft SQL Server\Client SDK\ODBC\170\Tools\Binn\;C:\Users\Admin\AppData\Local\Microsoft\WindowsApps;C:\Users\Admin\AppData\Roaming\npm
USERNAME=Admin
OS=Windows_NT
PROCESSOR_IDENTIFIER=Intel64 Family 6 Model 158 Stepping 10, GenuineIntel



---------------  S Y S T E M  ---------------

OS: Windows 10.0 , 64 bit Build 18362 (10.0.18362.329)

CPU:total 12 (initial active 12) (6 cores per cpu, 2 threads per core) family 6 model 158 stepping 10, cmov, cx8, fxsr, mmx, sse, sse2, sse3, ssse3, sse4.1, sse4.2, popcnt, avx, avx2, aes, clmul, erms, 3dnowpref, lzcnt, ht, tsc, tscinvbit, bmi1, bmi2, adx

Memory: 4k page, physical 16552600k(4658100k free), swap 57069972k(10996k free)

vm_info: OpenJDK 64-Bit Server VM (25.71-b00) for windows-amd64 JRE (1.8.0-25-microsoft-b00), built on Feb  7 2019 20:09:14 by "builder" with MS VC++ 10.0 (VS2010)

time: Thu Sep 19 16:48:10 2019
timezone: India Standard Time
elapsed time: 2 seconds (0d 0h 0m 2s)

